Flutter crash report.
Please report a bug at https://github.com/flutter/flutter/issues.

## command

flutter run --web-renderer html

## exception

StdinException: StdinException: Error setting terminal echo mode, OS Error: The handle is invalid.
, errno = 6

```
#0      Stdin.echoMode= (dart:io-patch/stdio_patch.dart:84:7)
#1      AnsiTerminal.singleCharMode= (package:flutter_tools/src/base/terminal.dart:254:13)
#2      TerminalHandler.setupTerminal (package:flutter_tools/src/resident_runner.dart:1549:15)
#3      RunCommand.runCommand.<anonymous closure> (package:flutter_tools/src/commands/run.dart:632:15)
#4      _rootRunUnary (dart:async/zone.dart:1362:47)
#5      _CustomZone.runUnary (dart:async/zone.dart:1265:19)
#6      _FutureListener.handleValue (dart:async/future_impl.dart:152:18)
#7      Future._propagateToListeners.handleValueCallback (dart:async/future_impl.dart:704:45)
#8      Future._propagateToListeners (dart:async/future_impl.dart:733:32)
#9      Future._complete (dart:async/future_impl.dart:530:7)
#10     _SyncCompleter.complete (dart:async/future_impl.dart:57:12)
#11     _ResidentWebRunner.attach (package:flutter_tools/src/isolated/resident_web_runner.dart:844:26)
<asynchronous suspension>
#12     asyncGuard.<anonymous closure> (package:flutter_tools/src/base/async_guard.dart:111:24)
<asynchronous suspension>
```

## flutter doctor

```
[✓] Flutter (Channel stable, 2.0.2, on Microsoft Windows [Version 10.0.18363.1621], locale en-US)
    • Flutter version 2.0.2 at E:\flutter\flutter
    • Framework revision 8962f6dc68 (4 months ago), 2021-03-11 13:22:20 -0800
    • Engine revision 5d8bf811b3
    • Dart version 2.12.1

[✓] Android toolchain - develop for Android devices (Android SDK version 30.0.2)
    • Android SDK at C:\Users\eslam\AppData\Local\Android\sdk
    • Platform android-S, build-tools 30.0.2
    • Java binary at: C:\Program Files\Android\Android Studio\jre\bin\java
    • Java version OpenJDK Runtime Environment (build 1.8.0_242-release-1644-b01)
    • All Android licenses accepted.

[✓] Chrome - develop for the web
    • Chrome at C:\Program Files\Google\Chrome\Application\chrome.exe

[✗] Visual Studio - develop for Windows
    ✗ Visual Studio not installed; this is necessary for Windows development.
      Download at https://visualstudio.microsoft.com/downloads/.
      Please install the "Desktop development with C++" workload, including all of its default components

[✓] Android Studio (version 4.1.0)
    • Android Studio at C:\Program Files\Android\Android Studio
    • Flutter plugin can be installed from:
      🔨 https://plugins.jetbrains.com/plugin/9212-flutter
    • Dart plugin can be installed from:
      🔨 https://plugins.jetbrains.com/plugin/6351-dart
    • Java version OpenJDK Runtime Environment (build 1.8.0_242-release-1644-b01)

[✓] Connected device (3 available)
    • Windows (desktop) • windows • windows-x64    • Microsoft Windows [Version 10.0.18363.1621]
    • Chrome (web)      • chrome  • web-javascript • Google Chrome 91.0.4472.124
    • Edge (web)        • edge    • web-javascript • Microsoft Edge 91.0.864.64

! Doctor found issues in 1 category.
```
